[ 2025-02-22 17:09:10,003 ] 1025 httpx - INFO - HTTP Request: GET https://dagshub.com/api/v1/user "HTTP/1.1 200 OK"
[ 2025-02-22 17:09:10,012 ] 107 dagshub - INFO - Accessing as daneshpm
[ 2025-02-22 17:09:10,405 ] 1025 httpx - INFO - HTTP Request: GET https://dagshub.com/api/v1/repos/daneshpm/networksecurity "HTTP/1.1 200 OK"
[ 2025-02-22 17:09:10,732 ] 1025 httpx - INFO - HTTP Request: GET https://dagshub.com/api/v1/user "HTTP/1.1 200 OK"
[ 2025-02-22 17:09:10,735 ] 107 dagshub - INFO - Initialized MLflow to track repo "daneshpm/networksecurity"
[ 2025-02-22 17:09:10,736 ] 107 dagshub - INFO - Repository daneshpm/networksecurity initialized!
[ 2025-02-22 17:10:25,226 ] 42 root - INFO - Start data Ingestion
[ 2025-02-22 17:10:31,486 ] 65 root - INFO - Performed train test split on the dataframe
[ 2025-02-22 17:10:31,486 ] 67 root - INFO - Exited split_data_as_train_test method of Data_Ingestion class
[ 2025-02-22 17:10:31,487 ] 75 root - INFO - Exporting train and test file path.
[ 2025-02-22 17:10:31,536 ] 84 root - INFO - Exported train and test file path.
[ 2025-02-22 17:10:31,536 ] 45 root - INFO - Data Ingestion completed and artifact: DataIngestionArtifact(trained_file_path='Artifacts\\02_22_2025_17_09_05\\data_ingestion\\ingested\\train.csv', test_file_path='Artifacts\\02_22_2025_17_09_05\\data_ingestion\\ingested\\test.csv')
[ 2025-02-22 17:10:31,544 ] 55 root - INFO - Initiate the data Validation
[ 2025-02-22 17:10:31,610 ] 32 root - INFO - Required number of columns:2
[ 2025-02-22 17:10:31,610 ] 33 root - INFO - Data frame has columns:31
[ 2025-02-22 17:10:31,610 ] 32 root - INFO - Required number of columns:2
[ 2025-02-22 17:10:31,610 ] 33 root - INFO - Data frame has columns:31
[ 2025-02-22 17:10:31,750 ] 63 root - INFO - Entered initiate_data_transformation method of DataTransformation class
[ 2025-02-22 17:10:31,750 ] 65 root - INFO - Starting data transformation
[ 2025-02-22 17:10:31,773 ] 48 root - INFO - Entered get_data_trnasformer_object method of Trnasformation class
[ 2025-02-22 17:10:31,773 ] 53 root - INFO - Initialise KNNImputer with {'missing_values': nan, 'n_neighbors': 3, 'weights': 'uniform'}
[ 2025-02-22 17:10:31,789 ] 46 root - INFO - Entered the save_object method of MainUtils class
[ 2025-02-22 17:10:31,793 ] 50 root - INFO - Exited the save_object method of MainUtils class
[ 2025-02-22 17:10:31,793 ] 46 root - INFO - Entered the save_object method of MainUtils class
[ 2025-02-22 17:10:31,796 ] 50 root - INFO - Exited the save_object method of MainUtils class
[ 2025-02-22 17:13:48,452 ] 46 root - INFO - Entered the save_object method of MainUtils class
[ 2025-02-22 17:13:48,454 ] 50 root - INFO - Exited the save_object method of MainUtils class
[ 2025-02-22 17:13:48,454 ] 151 root - INFO - Model trainer artifact: ModelTrainerArtifact(trained_model_file_path='Artifacts\\02_22_2025_17_09_05\\model_trainer\\trained_model\\model.pkl', train_metric_artifact=ClassificationMetricArtifact(f1_score=0.9919641948937036, precision_score=0.9904529758277473, recall_score=0.993480032599837), test_metric_artifact=ClassificationMetricArtifact(f1_score=0.9757455268389662, precision_score=0.9691943127962085, recall_score=0.9823859087269816))
