[ 2025-02-22 16:17:39,873 ] 1025 httpx - INFO - HTTP Request: GET https://dagshub.com/api/v1/user "HTTP/1.1 200 OK"
[ 2025-02-22 16:17:39,881 ] 107 dagshub - INFO - Accessing as daneshpm
[ 2025-02-22 16:17:40,320 ] 1025 httpx - INFO - HTTP Request: GET https://dagshub.com/api/v1/repos/daneshpm/networksecurity "HTTP/1.1 200 OK"
[ 2025-02-22 16:17:40,640 ] 1025 httpx - INFO - HTTP Request: GET https://dagshub.com/api/v1/user "HTTP/1.1 200 OK"
[ 2025-02-22 16:17:40,642 ] 107 dagshub - INFO - Initialized MLflow to track repo "daneshpm/networksecurity"
[ 2025-02-22 16:17:40,643 ] 107 dagshub - INFO - Repository daneshpm/networksecurity initialized!
[ 2025-02-22 16:19:19,922 ] 42 root - INFO - Start data Ingestion
[ 2025-02-22 16:19:27,402 ] 65 root - INFO - Performed train test split on the dataframe
[ 2025-02-22 16:19:27,402 ] 67 root - INFO - Exited split_data_as_train_test method of Data_Ingestion class
[ 2025-02-22 16:19:27,403 ] 75 root - INFO - Exporting train and test file path.
[ 2025-02-22 16:19:27,455 ] 84 root - INFO - Exported train and test file path.
[ 2025-02-22 16:19:27,455 ] 45 root - INFO - Data Ingestion completed and artifact: DataIngestionArtifact(trained_file_path='Artifacts\\02_22_2025_16_17_35\\data_ingestion\\ingested\\train.csv', test_file_path='Artifacts\\02_22_2025_16_17_35\\data_ingestion\\ingested\\test.csv')
[ 2025-02-22 16:19:27,463 ] 55 root - INFO - Initiate the data Validation
[ 2025-02-22 16:19:27,524 ] 32 root - INFO - Required number of columns:2
[ 2025-02-22 16:19:27,524 ] 33 root - INFO - Data frame has columns:31
[ 2025-02-22 16:19:27,524 ] 32 root - INFO - Required number of columns:2
[ 2025-02-22 16:19:27,524 ] 33 root - INFO - Data frame has columns:31
[ 2025-02-22 16:19:27,655 ] 63 root - INFO - Entered initiate_data_transformation method of DataTransformation class
[ 2025-02-22 16:19:27,655 ] 65 root - INFO - Starting data transformation
[ 2025-02-22 16:19:27,678 ] 48 root - INFO - Entered get_data_trnasformer_object method of Trnasformation class
[ 2025-02-22 16:19:27,678 ] 53 root - INFO - Initialise KNNImputer with {'missing_values': nan, 'n_neighbors': 3, 'weights': 'uniform'}
[ 2025-02-22 16:19:27,694 ] 46 root - INFO - Entered the save_object method of MainUtils class
[ 2025-02-22 16:19:27,697 ] 50 root - INFO - Exited the save_object method of MainUtils class
[ 2025-02-22 16:19:27,697 ] 46 root - INFO - Entered the save_object method of MainUtils class
[ 2025-02-22 16:19:27,700 ] 50 root - INFO - Exited the save_object method of MainUtils class
[ 2025-02-22 16:22:51,777 ] 46 root - INFO - Entered the save_object method of MainUtils class
[ 2025-02-22 16:22:51,778 ] 50 root - INFO - Exited the save_object method of MainUtils class
[ 2025-02-22 16:22:51,778 ] 151 root - INFO - Model trainer artifact: ModelTrainerArtifact(trained_model_file_path='Artifacts\\02_22_2025_16_17_35\\model_trainer\\trained_model\\model.pkl', train_metric_artifact=ClassificationMetricArtifact(f1_score=0.9913836796756209, precision_score=0.9884778653729533, recall_score=0.9943066287108581), test_metric_artifact=ClassificationMetricArtifact(f1_score=0.9747697236684021, precision_score=0.9674085850556439, recall_score=0.9822437449556094))
